<?xml version="1.0" encoding="UTF-8"?>
<testng-results skipped="0" failed="1" ignored="0" total="2" passed="1">
  <reporter-output>
  </reporter-output>
  <suite name="QA Challenge" duration-ms="28310" started-at="2017-07-06T01:46:06Z" finished-at="2017-07-06T01:46:35Z">
    <groups>
    </groups>
    <test name="Run in Chrome Browser" duration-ms="27131" started-at="2017-07-06T01:46:06Z" finished-at="2017-07-06T01:46:34Z">
      <class name="com.soltech.tests.LandingPageTest">
        <test-method status="PASS" signature="initializeBaseTest(java.lang.String, java.lang.String)[pri:0, instance:com.soltech.tests.LandingPageTest@327471b5]" name="initializeBaseTest" is-config="true" duration-ms="19372" started-at="2017-07-05T21:46:06Z" finished-at="2017-07-05T21:46:26Z">
          <params>
            <param index="0">
              <value>
                <![CDATA[chrome]]>
              </value>
            </param>
            <param index="1">
              <value>
                <![CDATA[http://soltech.net/]]>
              </value>
            </param>
          </params>
          <reporter-output>
          </reporter-output>
        </test-method> <!-- initializeBaseTest -->
        <test-method status="PASS" signature="init()[pri:0, instance:com.soltech.tests.LandingPageTest@327471b5]" name="init" is-config="true" duration-ms="0" started-at="2017-07-05T21:46:26Z" finished-at="2017-07-05T21:46:26Z">
          <reporter-output>
          </reporter-output>
        </test-method> <!-- init -->
        <test-method status="PASS" signature="testSoltech()[pri:0, instance:com.soltech.tests.LandingPageTest@327471b5]" name="testSoltech" duration-ms="1615" started-at="2017-07-05T21:46:26Z" finished-at="2017-07-05T21:46:27Z">
          <reporter-output>
          </reporter-output>
        </test-method> <!-- testSoltech -->
        <test-method status="PASS" signature="closeBrowser()[pri:0, instance:com.soltech.tests.LandingPageTest@327471b5]" name="closeBrowser" is-config="true" duration-ms="6062" started-at="2017-07-05T21:46:27Z" finished-at="2017-07-05T21:46:33Z">
          <reporter-output>
          </reporter-output>
        </test-method> <!-- closeBrowser -->
      </class> <!-- com.soltech.tests.LandingPageTest -->
    </test> <!-- Run in Chrome Browser -->
    <test name="Run in Fireox Browser" duration-ms="28310" started-at="2017-07-06T01:46:06Z" finished-at="2017-07-06T01:46:35Z">
      <class name="com.soltech.tests.LandingPageTest">
        <test-method status="PASS" signature="initializeBaseTest(java.lang.String, java.lang.String)[pri:0, instance:com.soltech.tests.LandingPageTest@61dc03ce]" name="initializeBaseTest" is-config="true" duration-ms="27826" started-at="2017-07-05T21:46:06Z" finished-at="2017-07-05T21:46:34Z">
          <params>
            <param index="0">
              <value>
                <![CDATA[firefox]]>
              </value>
            </param>
            <param index="1">
              <value>
                <![CDATA[http://soltech.net/]]>
              </value>
            </param>
          </params>
          <reporter-output>
          </reporter-output>
        </test-method> <!-- initializeBaseTest -->
        <test-method status="PASS" signature="init()[pri:0, instance:com.soltech.tests.LandingPageTest@61dc03ce]" name="init" is-config="true" duration-ms="15" started-at="2017-07-05T21:46:34Z" finished-at="2017-07-05T21:46:34Z">
          <reporter-output>
          </reporter-output>
        </test-method> <!-- init -->
        <test-method status="FAIL" signature="testSoltech()[pri:0, instance:com.soltech.tests.LandingPageTest@61dc03ce]" name="testSoltech" duration-ms="61" started-at="2017-07-05T21:46:34Z" finished-at="2017-07-05T21:46:34Z">
          <exception class="java.lang.AssertionError">
            <message>
              <![CDATA[expected [true] but found [false]]]>
            </message>
            <full-stacktrace>
              <![CDATA[java.lang.AssertionError: expected [true] but found [false]
	at org.testng.Assert.fail(Assert.java:93)
	at org.testng.Assert.failNotEquals(Assert.java:512)
	at org.testng.Assert.assertEqualsImpl(Assert.java:134)
	at org.testng.Assert.assertEquals(Assert.java:115)
	at org.testng.Assert.assertEquals(Assert.java:304)
	at org.testng.Assert.assertEquals(Assert.java:314)
	at com.soltech.tests.LandingPageTest.testSoltech(LandingPageTest.java:20)
	at sun.reflect.NativeMethodAccessorImpl.invoke0(Native Method)
	at sun.reflect.NativeMethodAccessorImpl.invoke(NativeMethodAccessorImpl.java:62)
	at sun.reflect.DelegatingMethodAccessorImpl.invoke(DelegatingMethodAccessorImpl.java:43)
	at java.lang.reflect.Method.invoke(Method.java:483)
	at org.testng.internal.MethodInvocationHelper.invokeMethod(MethodInvocationHelper.java:108)
	at org.testng.internal.Invoker.invokeMethod(Invoker.java:661)
	at org.testng.internal.Invoker.invokeTestMethod(Invoker.java:869)
	at org.testng.internal.Invoker.invokeTestMethods(Invoker.java:1193)
	at org.testng.internal.TestMethodWorker.invokeTestMethods(TestMethodWorker.java:126)
	at org.testng.internal.TestMethodWorker.run(TestMethodWorker.java:109)
	at org.testng.TestRunner.privateRun(TestRunner.java:744)
	at org.testng.TestRunner.run(TestRunner.java:602)
	at org.testng.SuiteRunner.runTest(SuiteRunner.java:380)
	at org.testng.SuiteRunner.access$000(SuiteRunner.java:39)
	at org.testng.SuiteRunner$SuiteWorker.run(SuiteRunner.java:414)
	at org.testng.internal.thread.ThreadUtil$1.call(ThreadUtil.java:52)
	at java.util.concurrent.FutureTask.run(FutureTask.java:266)
	at java.util.concurrent.ThreadPoolExecutor.runWorker(ThreadPoolExecutor.java:1142)
	at java.util.concurrent.ThreadPoolExecutor$Worker.run(ThreadPoolExecutor.java:617)
	at java.lang.Thread.run(Thread.java:745)
]]>
            </full-stacktrace>
          </exception> <!-- java.lang.AssertionError -->
          <reporter-output>
          </reporter-output>
        </test-method> <!-- testSoltech -->
        <test-method status="PASS" signature="closeBrowser()[pri:0, instance:com.soltech.tests.LandingPageTest@61dc03ce]" name="closeBrowser" is-config="true" duration-ms="373" started-at="2017-07-05T21:46:34Z" finished-at="2017-07-05T21:46:35Z">
          <reporter-output>
          </reporter-output>
        </test-method> <!-- closeBrowser -->
      </class> <!-- com.soltech.tests.LandingPageTest -->
    </test> <!-- Run in Fireox Browser -->
  </suite> <!-- QA Challenge -->
</testng-results>
